<?xml version="1.0" encoding="UTF-8"?>
<coverage generated="1759491967676" clover="3.2.0">
  <project timestamp="1759491967676" name="All files">
    <metrics statements="40" coveredstatements="40" conditionals="32" coveredconditionals="27" methods="8" coveredmethods="8" elements="80" coveredelements="75" complexity="0" loc="40" ncloc="40" packages="1" files="1" classes="1"/>
    <file name="cloudinary.js" path="/app/src/services/cloudinary.js">
      <metrics statements="40" coveredstatements="40" conditionals="32" coveredconditionals="27" methods="8" coveredmethods="8"/>
      <line num="6" count="1" type="stmt"/>
      <line num="7" count="10" type="cond" truecount="1" falsecount="1"/>
      <line num="8" count="10" type="stmt"/>
      <line num="15" count="10" type="stmt"/>
      <line num="33" count="1" type="cond" truecount="1" falsecount="0"/>
      <line num="34" count="2" type="stmt"/>
      <line num="36" count="2" type="stmt"/>
      <line num="38" count="2" type="stmt"/>
      <line num="39" count="2" type="stmt"/>
      <line num="44" count="2" type="stmt"/>
      <line num="53" count="2" type="stmt"/>
      <line num="56" count="2" type="stmt"/>
      <line num="57" count="2" type="cond" truecount="4" falsecount="0"/>
      <line num="58" count="2" type="stmt"/>
      <line num="61" count="2" type="stmt"/>
      <line num="73" count="2" type="stmt"/>
      <line num="74" count="2" type="stmt"/>
      <line num="94" count="2" type="cond" truecount="2" falsecount="0"/>
      <line num="95" count="1" type="stmt"/>
      <line num="97" count="1" type="stmt"/>
      <line num="103" count="2" type="stmt"/>
      <line num="104" count="2" type="stmt"/>
      <line num="108" count="1" type="stmt"/>
      <line num="149" count="1" type="stmt"/>
      <line num="150" count="1" type="stmt"/>
      <line num="159" count="1" type="stmt"/>
      <line num="160" count="2" type="stmt"/>
      <line num="162" count="2" type="stmt"/>
      <line num="164" count="2" type="stmt"/>
      <line num="165" count="1" type="stmt"/>
      <line num="171" count="1" type="stmt"/>
      <line num="172" count="1" type="stmt"/>
      <line num="182" count="1" type="cond" truecount="0" falsecount="1"/>
      <line num="189" count="5" type="stmt"/>
      <line num="191" count="5" type="stmt"/>
      <line num="205" count="1" type="stmt"/>
      <line num="206" count="1" type="stmt"/>
      <line num="219" count="1" type="stmt"/>
      <line num="221" count="6" type="stmt"/>
      <line num="223" count="6" type="stmt"/>
    </file>
  </project>
</coverage>
