{"/app/src/services/cloudinary.js": {"path":"/app/src/services/cloudinary.js","statementMap":{"0":{"start":{"line":6,"column":28},"end":{"line":21,"column":1}},"1":{"start":{"line":7,"column":2},"end":{"line":20,"column":3}},"2":{"start":{"line":8,"column":4},"end":{"line":12,"column":7}},"3":{"start":{"line":15,"column":4},"end":{"line":19,"column":7}},"4":{"start":{"line":33,"column":27},"end":{"line":152,"column":1}},"5":{"start":{"line":34,"column":2},"end":{"line":151,"column":3}},"6":{"start":{"line":36,"column":4},"end":{"line":36,"column":26}},"7":{"start":{"line":38,"column":4},"end":{"line":38,"column":62}},"8":{"start":{"line":39,"column":4},"end":{"line":43,"column":7}},"9":{"start":{"line":44,"column":4},"end":{"line":44,"column":59}},"10":{"start":{"line":53,"column":8},"end":{"line":53,"column":15}},"11":{"start":{"line":56,"column":22},"end":{"line":56,"column":32}},"12":{"start":{"line":57,"column":26},"end":{"line":57,"column":78}},"13":{"start":{"line":58,"column":24},"end":{"line":58,"column":49}},"14":{"start":{"line":61,"column":28},"end":{"line":70,"column":17}},"15":{"start":{"line":73,"column":25},"end":{"line":105,"column":6}},"16":{"start":{"line":74,"column":27},"end":{"line":100,"column":7}},"17":{"start":{"line":94,"column":10},"end":{"line":98,"column":11}},"18":{"start":{"line":95,"column":12},"end":{"line":95,"column":26}},"19":{"start":{"line":97,"column":12},"end":{"line":97,"column":28}},"20":{"start":{"line":103,"column":21},"end":{"line":103,"column":51}},"21":{"start":{"line":104,"column":6},"end":{"line":104,"column":32}},"22":{"start":{"line":108,"column":4},"end":{"line":146,"column":6}},"23":{"start":{"line":149,"column":4},"end":{"line":149,"column":53}},"24":{"start":{"line":150,"column":4},"end":{"line":150,"column":78}},"25":{"start":{"line":159,"column":27},"end":{"line":174,"column":1}},"26":{"start":{"line":160,"column":2},"end":{"line":173,"column":3}},"27":{"start":{"line":162,"column":4},"end":{"line":162,"column":26}},"28":{"start":{"line":164,"column":19},"end":{"line":164,"column":62}},"29":{"start":{"line":165,"column":4},"end":{"line":169,"column":6}},"30":{"start":{"line":171,"column":4},"end":{"line":171,"column":53}},"31":{"start":{"line":172,"column":4},"end":{"line":172,"column":80}},"32":{"start":{"line":182,"column":31},"end":{"line":198,"column":1}},"33":{"start":{"line":189,"column":6},"end":{"line":189,"column":13}},"34":{"start":{"line":191,"column":2},"end":{"line":197,"column":5}},"35":{"start":{"line":205,"column":33},"end":{"line":213,"column":1}},"36":{"start":{"line":206,"column":2},"end":{"line":212,"column":4}},"37":{"start":{"line":219,"column":28},"end":{"line":228,"column":1}},"38":{"start":{"line":221,"column":2},"end":{"line":221,"column":24}},"39":{"start":{"line":223,"column":2},"end":{"line":227,"column":4}}},"fnMap":{"0":{"name":"(anonymous_0)","decl":{"start":{"line":6,"column":28},"end":{"line":6,"column":29}},"loc":{"start":{"line":6,"column":34},"end":{"line":21,"column":1}},"line":6},"1":{"name":"(anonymous_1)","decl":{"start":{"line":33,"column":27},"end":{"line":33,"column":28}},"loc":{"start":{"line":33,"column":63},"end":{"line":152,"column":1}},"line":33},"2":{"name":"(anonymous_2)","decl":{"start":{"line":73,"column":43},"end":{"line":73,"column":44}},"loc":{"start":{"line":73,"column":64},"end":{"line":105,"column":5}},"line":73},"3":{"name":"(anonymous_3)","decl":{"start":{"line":93,"column":8},"end":{"line":93,"column":9}},"loc":{"start":{"line":93,"column":27},"end":{"line":99,"column":9}},"line":93},"4":{"name":"(anonymous_4)","decl":{"start":{"line":159,"column":27},"end":{"line":159,"column":28}},"loc":{"start":{"line":159,"column":47},"end":{"line":174,"column":1}},"line":159},"5":{"name":"(anonymous_5)","decl":{"start":{"line":182,"column":31},"end":{"line":182,"column":32}},"loc":{"start":{"line":182,"column":59},"end":{"line":198,"column":1}},"line":182},"6":{"name":"(anonymous_6)","decl":{"start":{"line":205,"column":33},"end":{"line":205,"column":34}},"loc":{"start":{"line":205,"column":47},"end":{"line":213,"column":1}},"line":205},"7":{"name":"(anonymous_7)","decl":{"start":{"line":219,"column":28},"end":{"line":219,"column":29}},"loc":{"start":{"line":219,"column":34},"end":{"line":228,"column":1}},"line":219}},"branchMap":{"0":{"loc":{"start":{"line":7,"column":2},"end":{"line":20,"column":3}},"type":"if","locations":[{"start":{"line":7,"column":2},"end":{"line":20,"column":3}},{"start":{},"end":{}}],"line":7},"1":{"loc":{"start":{"line":16,"column":18},"end":{"line":16,"column":71}},"type":"cond-expr","locations":[{"start":{"line":16,"column":54},"end":{"line":16,"column":59}},{"start":{"line":16,"column":62},"end":{"line":16,"column":71}}],"line":16},"2":{"loc":{"start":{"line":17,"column":15},"end":{"line":17,"column":65}},"type":"cond-expr","locations":[{"start":{"line":17,"column":48},"end":{"line":17,"column":53}},{"start":{"line":17,"column":56},"end":{"line":17,"column":65}}],"line":17},"3":{"loc":{"start":{"line":18,"column":18},"end":{"line":18,"column":71}},"type":"cond-expr","locations":[{"start":{"line":18,"column":54},"end":{"line":18,"column":59}},{"start":{"line":18,"column":62},"end":{"line":18,"column":71}}],"line":18},"4":{"loc":{"start":{"line":33,"column":46},"end":{"line":33,"column":58}},"type":"default-arg","locations":[{"start":{"line":33,"column":56},"end":{"line":33,"column":58}}],"line":33},"5":{"loc":{"start":{"line":40,"column":29},"end":{"line":40,"column":82}},"type":"cond-expr","locations":[{"start":{"line":40,"column":65},"end":{"line":40,"column":70}},{"start":{"line":40,"column":73},"end":{"line":40,"column":82}}],"line":40},"6":{"loc":{"start":{"line":41,"column":26},"end":{"line":41,"column":76}},"type":"cond-expr","locations":[{"start":{"line":41,"column":59},"end":{"line":41,"column":64}},{"start":{"line":41,"column":67},"end":{"line":41,"column":76}}],"line":41},"7":{"loc":{"start":{"line":42,"column":29},"end":{"line":42,"column":82}},"type":"cond-expr","locations":[{"start":{"line":42,"column":65},"end":{"line":42,"column":70}},{"start":{"line":42,"column":73},"end":{"line":42,"column":82}}],"line":42},"8":{"loc":{"start":{"line":47,"column":6},"end":{"line":47,"column":27}},"type":"default-arg","locations":[{"start":{"line":47,"column":15},"end":{"line":47,"column":27}}],"line":47},"9":{"loc":{"start":{"line":49,"column":6},"end":{"line":49,"column":28}},"type":"default-arg","locations":[{"start":{"line":49,"column":19},"end":{"line":49,"column":28}}],"line":49},"10":{"loc":{"start":{"line":51,"column":6},"end":{"line":51,"column":22}},"type":"default-arg","locations":[{"start":{"line":51,"column":16},"end":{"line":51,"column":22}}],"line":51},"11":{"loc":{"start":{"line":52,"column":6},"end":{"line":52,"column":26}},"type":"default-arg","locations":[{"start":{"line":52,"column":20},"end":{"line":52,"column":26}}],"line":52},"12":{"loc":{"start":{"line":57,"column":26},"end":{"line":57,"column":78}},"type":"binary-expr","locations":[{"start":{"line":57,"column":26},"end":{"line":57,"column":34}},{"start":{"line":57,"column":38},"end":{"line":57,"column":78}}],"line":57},"13":{"loc":{"start":{"line":57,"column":55},"end":{"line":57,"column":76}},"type":"binary-expr","locations":[{"start":{"line":57,"column":55},"end":{"line":57,"column":63}},{"start":{"line":57,"column":67},"end":{"line":57,"column":76}}],"line":57},"14":{"loc":{"start":{"line":94,"column":10},"end":{"line":98,"column":11}},"type":"if","locations":[{"start":{"line":94,"column":10},"end":{"line":98,"column":11}},{"start":{"line":96,"column":17},"end":{"line":98,"column":11}}],"line":94},"15":{"loc":{"start":{"line":182,"column":42},"end":{"line":182,"column":54}},"type":"default-arg","locations":[{"start":{"line":182,"column":52},"end":{"line":182,"column":54}}],"line":182},"16":{"loc":{"start":{"line":186,"column":4},"end":{"line":186,"column":18}},"type":"default-arg","locations":[{"start":{"line":186,"column":11},"end":{"line":186,"column":18}}],"line":186},"17":{"loc":{"start":{"line":187,"column":4},"end":{"line":187,"column":20}},"type":"default-arg","locations":[{"start":{"line":187,"column":14},"end":{"line":187,"column":20}}],"line":187},"18":{"loc":{"start":{"line":188,"column":4},"end":{"line":188,"column":19}},"type":"default-arg","locations":[{"start":{"line":188,"column":13},"end":{"line":188,"column":19}}],"line":188},"19":{"loc":{"start":{"line":224,"column":4},"end":{"line":226,"column":37}},"type":"binary-expr","locations":[{"start":{"line":224,"column":4},"end":{"line":224,"column":37}},{"start":{"line":225,"column":4},"end":{"line":225,"column":34}},{"start":{"line":226,"column":4},"end":{"line":226,"column":37}}],"line":224}},"s":{"0":1,"1":10,"2":10,"3":10,"4":1,"5":2,"6":2,"7":2,"8":2,"9":2,"10":2,"11":2,"12":2,"13":2,"14":2,"15":2,"16":2,"17":2,"18":1,"19":1,"20":2,"21":2,"22":1,"23":1,"24":1,"25":1,"26":2,"27":2,"28":2,"29":1,"30":1,"31":1,"32":1,"33":5,"34":5,"35":1,"36":1,"37":1,"38":6,"39":6},"f":{"0":10,"1":2,"2":2,"3":2,"4":2,"5":5,"6":1,"7":6},"b":{"0":[10,0],"1":[9,1],"2":[9,1],"3":[9,1],"4":[1],"5":[2,0],"6":[2,0],"7":[2,0],"8":[2],"9":[1],"10":[2],"11":[2],"12":[2,2],"13":[2,1],"14":[1,1],"15":[0],"16":[3],"17":[5],"18":[5],"19":[6,5,4]},"_coverageSchema":"1a1c01bbd47fc00a2c39e90264f33305004495a9","hash":"0c2957ca8c380de1374a90287d19dabe17b73801"}
}
