TN:
SF:src/services/cloudinary.js
FN:6,(anonymous_0)
FN:33,(anonymous_1)
FN:73,(anonymous_2)
FN:93,(anonymous_3)
FN:159,(anonymous_4)
FN:182,(anonymous_5)
FN:205,(anonymous_6)
FN:219,(anonymous_7)
FNF:8
FNH:8
FNDA:10,(anonymous_0)
FNDA:2,(anonymous_1)
FNDA:2,(anonymous_2)
FNDA:2,(anonymous_3)
FNDA:2,(anonymous_4)
FNDA:5,(anonymous_5)
FNDA:1,(anonymous_6)
FNDA:6,(anonymous_7)
DA:6,1
DA:7,10
DA:8,10
DA:15,10
DA:33,1
DA:34,2
DA:36,2
DA:38,2
DA:39,2
DA:44,2
DA:53,2
DA:56,2
DA:57,2
DA:58,2
DA:61,2
DA:73,2
DA:74,2
DA:94,2
DA:95,1
DA:97,1
DA:103,2
DA:104,2
DA:108,1
DA:149,1
DA:150,1
DA:159,1
DA:160,2
DA:162,2
DA:164,2
DA:165,1
DA:171,1
DA:172,1
DA:182,1
DA:189,5
DA:191,5
DA:205,1
DA:206,1
DA:219,1
DA:221,6
DA:223,6
LF:40
LH:40
BRDA:7,0,0,10
BRDA:7,0,1,0
BRDA:16,1,0,9
BRDA:16,1,1,1
BRDA:17,2,0,9
BRDA:17,2,1,1
BRDA:18,3,0,9
BRDA:18,3,1,1
BRDA:33,4,0,1
BRDA:40,5,0,2
BRDA:40,5,1,0
BRDA:41,6,0,2
BRDA:41,6,1,0
BRDA:42,7,0,2
BRDA:42,7,1,0
BRDA:47,8,0,2
BRDA:49,9,0,1
BRDA:51,10,0,2
BRDA:52,11,0,2
BRDA:57,12,0,2
BRDA:57,12,1,2
BRDA:57,13,0,2
BRDA:57,13,1,1
BRDA:94,14,0,1
BRDA:94,14,1,1
BRDA:182,15,0,0
BRDA:186,16,0,3
BRDA:187,17,0,5
BRDA:188,18,0,5
BRDA:224,19,0,6
BRDA:224,19,1,5
BRDA:224,19,2,4
BRF:32
BRH:27
end_of_record
